<?xml version="1.0" encoding="UTF-8"?>
<testng-results ignored="0" total="1" passed="1" failed="0" skipped="0">
  <reporter-output>
  </reporter-output>
  <suite started-at="2024-08-26T23:17:07 IST" name="Default suite" finished-at="2024-08-26T23:17:10 IST" duration-ms="3280">
    <groups>
    </groups>
    <test started-at="2024-08-26T23:17:07 IST" name="Default test" finished-at="2024-08-26T23:17:10 IST" duration-ms="3280">
      <class name="tests.PutPatchDeleteExamples">
        <test-method signature="testPut()[pri:0, instance:tests.PutPatchDeleteExamples@2c1b194a]" started-at="2024-08-26T23:17:07 IST" name="testPut" finished-at="2024-08-26T23:17:10 IST" duration-ms="3229" status="PASS">
          <reporter-output>
          </reporter-output>
        </test-method> <!-- testPut -->
      </class> <!-- tests.PutPatchDeleteExamples -->
    </test> <!-- Default test -->
  </suite> <!-- Default suite -->
</testng-results>
